2023-08-23 13:22:50,398 ERROR Error occurred while sending data to USB: Invalid program selected.
2023-08-23 13:50:34,250 ERROR Error loading Excel file: [Errno 2] No such file or directory: '\\10.60.10.20\\Company\\IT\\Tranzit\\SEHO\\Lista programe lipire Seho1 test.xlsx'
2023-08-23 13:53:17,880 ERROR Error loading Excel file: [Errno 2] No such file or directory: '\\10.60.10.20\\Company\\IT\\Tranzit\\SEHO\\Lista programe lipire Seho1 test.xlsx'
2023-08-23 14:12:15,583 ERROR Error loading Excel file: [Errno 2] No such file or directory: '\\10.60.10.20\\Company\\IT\\Tranzit\\SEHO\\Lista programe lipire Seho1 test.xlsx'
2023-08-24 08:07:34,555 ERROR Error occurred while sending data to USB: could not open port 'COM4': FileNotFoundError(2, 'The system cannot find the file specified.', None, 2)
2023-08-24 08:18:08,401 ERROR Error occurred while sending data to USB: could not open port 'COM4': FileNotFoundError(2, 'The system cannot find the file specified.', None, 2)
2023-08-24 08:26:51,551 ERROR Error occurred while sending data to USB: Device was not written correctly.
2023-08-24 08:33:11,954 ERROR Error occurred while sending data to USB: Device was not written correctly.
2023-08-24 09:23:25,004 ERROR Error occurred while sending data to USB: name 'write_lock' is not defined
2023-08-24 09:35:39,575 ERROR Error occurred while sending data to USB: Device was not written correctly.
2023-08-24 09:38:00,964 ERROR Error occurred while sending data to USB: Device was not written correctly.
2023-08-24 09:38:58,601 ERROR Error occurred while sending data to USB: Device was not written correctly.
2023-08-24 09:40:25,542 ERROR Error occurred while sending data to USB: Device was not written correctly.
2023-08-24 09:40:39,372 ERROR Error occurred while sending data to USB: Device was not written correctly.
2023-08-24 09:41:21,339 ERROR Error occurred while sending data to USB: Device was not written correctly.
2023-08-24 09:41:36,810 ERROR Error occurred while sending data to USB: Device was not written correctly.
2023-08-24 09:43:40,851 ERROR Error occurred while sending data to USB: Device was not written correctly.
2023-08-24 09:43:57,463 ERROR Error occurred while sending data to USB: Device was not written correctly.
2023-08-24 09:46:42,263 ERROR Error occurred while sending data to USB: invalid literal for int() with base 10: ''
2023-08-24 09:46:56,871 ERROR Error occurred while sending data to USB: Device was not written correctly.
2023-08-24 09:49:00,929 ERROR Error occurred while sending data to USB: Device was not written correctly.
2023-08-24 09:54:40,007 ERROR Error occurred while sending data to USB: Device was not written correctly.
2023-08-24 09:55:32,943 ERROR Error occurred while sending data to USB: Device was not written correctly.
2023-08-24 09:57:00,646 ERROR Error occurred while sending data to USB: Device was not written correctly.
2023-08-24 09:57:23,284 ERROR Error occurred while sending data to USB: invalid literal for int() with base 10: ''
2023-08-24 10:55:09,756 ERROR Error loading Excel file: [Errno 2] No such file or directory: '\\\\Company\\Company\\IT\\Tranzit\\SEHO\\Lista programe lipire Seho1 test.xlsx'
2023-08-24 20:19:17,699 ERROR Error loading Excel file: [Errno 2] No such file or directory: '\\\\Company\\Company\\IT\\Tranzit\\SEHO\\Lista programe lipire Seho1 test.xlsx'
2023-08-24 20:19:27,102 ERROR Error occurred during search: 'MyApp' object has no attribute 'data'
2023-08-24 20:34:02,183 ERROR Error occurred while sending data to USB: could not open port 'COM4': FileNotFoundError(2, 'The system cannot find the file specified.', None, 2)
2023-08-24 20:34:03,518 ERROR Error occurred while sending data to USB: could not open port 'COM4': FileNotFoundError(2, 'The system cannot find the file specified.', None, 2)
2023-08-24 20:36:36,840 ERROR Error occurred while sending data to USB: could not open port 'COM4': FileNotFoundError(2, 'The system cannot find the file specified.', None, 2)
2023-08-24 20:37:51,826 ERROR Error occurred while sending data to USB: could not open port 'COM4': FileNotFoundError(2, 'The system cannot find the file specified.', None, 2)
2023-08-24 20:38:19,477 ERROR Error occurred while sending data to USB: could not open port 'COM4': FileNotFoundError(2, 'The system cannot find the file specified.', None, 2)
2023-08-24 20:50:01,006 ERROR Error occurred while sending data to USB: could not open port 'COM4': FileNotFoundError(2, 'The system cannot find the file specified.', None, 2)
2023-08-30 08:00:17,243 ERROR Error loading Excel file: Worksheet index 1 is invalid, 1 worksheets found
2023-08-30 08:00:32,129 ERROR Error loading Excel file: Worksheet index 1 is invalid, 1 worksheets found
2023-08-30 08:00:50,169 ERROR Error loading Excel file: Worksheet index 1 is invalid, 1 worksheets found
2023-08-30 08:01:33,649 ERROR Error loading Excel file: Worksheet index 1 is invalid, 1 worksheets found
2023-08-30 08:03:05,702 ERROR Error loading Excel file: Worksheet index 1 is invalid, 1 worksheets found
2023-08-30 08:08:24,816 ERROR Error loading Excel file: 'dict' object has no attribute 'columns'
2023-08-30 08:08:52,801 ERROR Error loading Excel file: 0
2023-08-30 08:09:07,940 ERROR Error loading Excel file: 1
2023-08-30 08:09:26,890 ERROR Error loading Excel file: 'dict' object has no attribute 'columns'
2023-08-30 08:10:05,295 ERROR Error loading Excel file: 0
2023-08-30 08:10:18,471 ERROR Error loading Excel file: 0
2023-08-30 08:11:30,004 ERROR Error loading Excel file: Worksheet index 1 is invalid, 1 worksheets found
2023-08-30 08:11:43,077 ERROR Error loading Excel file: Worksheet named 'RFID' not found
2023-08-30 08:34:13,599 ERROR Error loading Excel file: Worksheet index 1 is invalid, 1 worksheets found
2023-08-30 08:37:23,739 ERROR Error occurred during search: Unable to coerce to Series, length must be 2: given 6
2023-08-30 08:38:07,648 ERROR Error occurred during search: No axis named 2 for object type DataFrame
2023-08-30 08:38:56,503 ERROR Error occurred during search: No axis named 2 for object type DataFrame
2023-08-30 08:39:24,389 ERROR Error occurred during search: Unalignable boolean Series provided as indexer (index of the boolean Series and of the indexed object do not match).
2023-08-30 08:40:21,503 ERROR Error occurred during search: No axis named 2 for object type DataFrame
2023-08-30 08:40:42,514 ERROR Error occurred during search: Unable to coerce to Series, length must be 2: given 6
2023-08-30 08:41:31,793 ERROR Error occurred during search: Unable to coerce to Series, length must be 2: given 6
2023-08-30 08:41:50,276 ERROR Error occurred during search: Unable to coerce to Series, length must be 2: given 6
2023-08-30 08:43:56,264 ERROR Error occurred during search: Unable to coerce to Series, length must be 2: given 6
2023-08-30 08:45:26,679 ERROR Error occurred during search: string indices must be integers, not 'str'
2023-08-30 08:49:17,888 ERROR Error occurred during search: string indices must be integers, not 'Series'
2023-08-30 08:49:33,005 ERROR Error occurred during search: string indices must be integers, not 'Series'
2023-08-30 08:52:01,231 ERROR Error occurred during search: Unable to coerce to Series, length must be 2: given 6
2023-08-30 08:52:15,656 ERROR Error occurred during search: name 'result' is not defined
2023-08-30 08:52:43,145 ERROR Error occurred during search: name 'result' is not defined
2023-08-30 08:53:05,498 ERROR Error occurred during search: 1
2023-08-30 08:53:34,932 ERROR Error occurred during search: name 'result' is not defined
2023-08-30 08:56:03,512 ERROR Error occurred during search: unhashable type: 'DataFrame'
2023-08-30 08:57:26,184 ERROR Error occurred during search: index 2 is out of bounds for axis 0 with size 2
2023-08-30 08:57:44,746 ERROR Error occurred during search: unhashable type: 'DataFrame'
2023-08-30 08:58:05,375 ERROR Error occurred during search: 1000000000
2023-08-30 08:58:35,117 ERROR Error occurred during search: unhashable type: 'DataFrame'
2023-08-30 09:00:41,848 ERROR Error occurred during search: 0
2023-08-30 09:00:44,677 ERROR Error occurred during search: 0
2023-08-30 09:00:54,461 ERROR Error occurred during search: 0
2023-08-30 09:01:19,672 ERROR Error occurred during search: 0
2023-08-30 09:01:59,120 ERROR Error occurred during search: 0
2023-08-30 09:02:41,655 ERROR Error occurred during search: 0
2023-08-30 09:04:54,298 ERROR Error occurred during search: 0
2023-08-30 09:05:57,974 ERROR Error occurred during search: 0
2023-08-30 09:06:35,473 ERROR Error occurred during search: Unable to coerce to Series, length must be 2: given 6
2023-08-30 09:07:04,184 ERROR Error occurred during search: Unable to coerce to Series, length must be 2: given 6
2023-08-30 09:07:13,015 ERROR Error occurred during search: Unable to coerce to Series, length must be 2: given 6
2023-08-30 09:07:27,291 ERROR Error occurred during search: Unable to coerce to Series, length must be 2: given 6
2023-08-30 09:07:34,744 ERROR Error occurred during search: Unable to coerce to Series, length must be 2: given 6
2023-08-30 09:08:02,847 ERROR Error occurred during search: Unable to coerce to Series, length must be 2: given 6
2023-08-30 09:08:07,958 ERROR Error occurred during search: 0
2023-08-30 09:08:46,104 ERROR Error occurred during search: Unable to coerce to Series, length must be 2: given 6
2023-08-30 09:09:54,933 ERROR Error occurred during search: index 1 is out of bounds for axis 0 with size 1
2023-08-30 09:10:17,380 ERROR Error occurred during search: Unable to coerce to Series, length must be 2: given 6
2023-08-30 09:10:25,645 ERROR Error occurred during search: Unable to coerce to Series, length must be 2: given 6
2023-08-30 09:11:17,785 ERROR Error occurred during search: 'numpy.ndarray' object has no attribute 'spilt'
2023-08-30 09:11:38,468 ERROR Error occurred during search: 'str' object has no attribute 'spilt'
2023-08-30 09:11:54,291 ERROR Error occurred during search: Unable to coerce to Series, length must be 2: given 6
2023-08-30 09:13:03,371 ERROR Error occurred during search: Unable to coerce to Series, length must be 2: given 6
2023-08-30 09:13:20,646 ERROR Error occurred during search: Unable to coerce to Series, length must be 2: given 6
2023-08-30 09:14:05,842 ERROR Error occurred during search: Unable to coerce to Series, length must be 2: given 6
2023-08-30 09:14:33,304 ERROR Error occurred during search: Unable to coerce to Series, length must be 2: given 6
2023-08-30 09:15:39,831 ERROR Error occurred during search: Unable to coerce to Series, length must be 2: given 6
2023-08-30 09:15:46,229 ERROR Error occurred during search: Unable to coerce to Series, length must be 2: given 6
2023-08-30 09:16:04,011 ERROR Error occurred during search: Unable to coerce to Series, length must be 2: given 6
2023-08-30 09:16:08,539 ERROR Error occurred during search: Unable to coerce to Series, length must be 2: given 6
2023-08-30 09:16:40,423 ERROR Error occurred during search: invalid index to scalar variable.
2023-08-30 09:17:22,941 ERROR Error occurred during search: index 0 is out of bounds for axis 0 with size 0
2023-08-30 09:17:25,187 ERROR Error occurred during search: index 0 is out of bounds for axis 0 with size 0
2023-08-30 09:18:15,315 ERROR Error occurred during search: index 0 is out of bounds for axis 0 with size 0
2023-08-30 09:23:22,494 ERROR Error loading Excel file: Length mismatch: Expected axis has 4 elements, new values have 2 elements
2023-08-30 09:38:02,157 ERROR Error loading Excel file: Length mismatch: Expected axis has 3 elements, new values have 4 elements
2023-08-30 09:40:45,149 ERROR Error occurred during search: Unable to coerce to Series, length must be 4: given 6
2023-08-30 09:41:00,349 ERROR Error occurred during search: Unable to coerce to Series, length must be 4: given 6
2023-08-30 10:36:24,870 ERROR Error occurred while sending data to USB: Device was not written correctly.
2023-08-30 10:36:37,180 ERROR Error occurred while sending data to USB: Device was not written correctly.
2023-08-30 10:37:30,832 ERROR Error occurred while sending data to USB: Device was not written correctly.
2023-08-30 10:40:28,715 ERROR Error occurred while sending data to USB: 'utf-8' codec can't decode byte 0x9e in position 0: invalid start byte
2023-08-30 10:42:58,583 ERROR Error occurred while sending data to USB: 'utf-8' codec can't decode byte 0xfe in position 2: invalid start byte
2023-09-01 08:32:36,063 ERROR Error occurred while sending data to USB: could not open port 'COM4': FileNotFoundError(2, 'The system cannot find the file specified.', None, 2)
2023-09-01 08:35:34,418 ERROR Error occurred while sending data to USB: could not open port 'COM4': FileNotFoundError(2, 'The system cannot find the file specified.', None, 2)
2023-09-01 08:36:09,570 ERROR Error occurred while sending data to USB: could not open port 'COM4': FileNotFoundError(2, 'The system cannot find the file specified.', None, 2)
2023-09-01 08:37:10,180 ERROR Error occurred while sending data to USB: could not open port 'COM4': FileNotFoundError(2, 'The system cannot find the file specified.', None, 2)
2023-09-01 08:43:18,341 ERROR Error occurred while sending data to USB: could not open port 'COM4': FileNotFoundError(2, 'The system cannot find the file specified.', None, 2)
2023-09-01 08:45:56,366 ERROR Error occurred while sending data to USB: could not open port 'COM4': FileNotFoundError(2, 'The system cannot find the file specified.', None, 2)
2023-09-01 08:46:41,456 ERROR Error occurred while sending data to USB: could not open port 'COM4': FileNotFoundError(2, 'The system cannot find the file specified.', None, 2)
2023-09-01 08:46:47,846 ERROR Error occurred while sending data to USB: could not open port 'COM4': FileNotFoundError(2, 'The system cannot find the file specified.', None, 2)
2023-09-03 20:00:14,014 ERROR Error occurred while sending data to USB: could not open port 'COM4': FileNotFoundError(2, 'The system cannot find the file specified.', None, 2)
2023-09-03 20:01:20,445 ERROR Error occurred while sending data to USB: could not open port 'COM4': FileNotFoundError(2, 'The system cannot find the file specified.', None, 2)
2023-09-04 16:38:57,648 ERROR Error occurred while sending data to USB: could not open port 'COM4': FileNotFoundError(2, 'The system cannot find the file specified.', None, 2)
2023-09-04 16:42:43,314 ERROR Error occurred while sending data to USB: could not open port 'COM4': FileNotFoundError(2, 'The system cannot find the file specified.', None, 2)
2023-09-06 12:51:40,931 ERROR Error occurred reading USB: could not open port 'COM4': FileNotFoundError(2, 'The system cannot find the file specified.', None, 2)
2023-09-06 14:13:22,750 ERROR Error occurred reading USB: could not open port 'COM4': FileNotFoundError(2, 'The system cannot find the file specified.', None, 2)
2023-09-06 14:13:23,258 ERROR Error occurred reading USB: could not open port 'COM4': FileNotFoundError(2, 'The system cannot find the file specified.', None, 2)
2023-09-06 14:13:23,630 ERROR Error occurred reading USB: could not open port 'COM4': FileNotFoundError(2, 'The system cannot find the file specified.', None, 2)
2023-09-06 14:13:24,567 ERROR Error occurred reading USB: could not open port 'COM4': FileNotFoundError(2, 'The system cannot find the file specified.', None, 2)
2023-09-06 14:13:24,717 ERROR Error occurred reading USB: could not open port 'COM4': FileNotFoundError(2, 'The system cannot find the file specified.', None, 2)
2023-09-06 14:13:24,860 ERROR Error occurred reading USB: could not open port 'COM4': FileNotFoundError(2, 'The system cannot find the file specified.', None, 2)
2023-09-06 14:13:25,018 ERROR Error occurred reading USB: could not open port 'COM4': FileNotFoundError(2, 'The system cannot find the file specified.', None, 2)
2023-09-06 14:13:25,169 ERROR Error occurred reading USB: could not open port 'COM4': FileNotFoundError(2, 'The system cannot find the file specified.', None, 2)
2023-09-06 14:13:25,281 ERROR Error occurred reading USB: could not open port 'COM4': FileNotFoundError(2, 'The system cannot find the file specified.', None, 2)
2023-09-06 14:13:25,440 ERROR Error occurred reading USB: could not open port 'COM4': FileNotFoundError(2, 'The system cannot find the file specified.', None, 2)
2023-09-06 14:13:25,574 ERROR Error occurred reading USB: could not open port 'COM4': FileNotFoundError(2, 'The system cannot find the file specified.', None, 2)
2023-09-06 14:13:26,655 ERROR Error occurred reading USB: could not open port 'COM4': FileNotFoundError(2, 'The system cannot find the file specified.', None, 2)
2023-09-06 14:13:26,789 ERROR Error occurred reading USB: could not open port 'COM4': FileNotFoundError(2, 'The system cannot find the file specified.', None, 2)
2023-09-06 14:13:26,956 ERROR Error occurred reading USB: could not open port 'COM4': FileNotFoundError(2, 'The system cannot find the file specified.', None, 2)
2023-09-06 14:13:27,416 ERROR Error occurred reading USB: could not open port 'COM4': FileNotFoundError(2, 'The system cannot find the file specified.', None, 2)
2023-09-06 14:13:27,582 ERROR Error occurred reading USB: could not open port 'COM4': FileNotFoundError(2, 'The system cannot find the file specified.', None, 2)
2023-09-06 14:13:27,742 ERROR Error occurred reading USB: could not open port 'COM4': FileNotFoundError(2, 'The system cannot find the file specified.', None, 2)
2023-09-06 14:13:27,947 ERROR Error occurred reading USB: could not open port 'COM4': FileNotFoundError(2, 'The system cannot find the file specified.', None, 2)
