2023-08-23 13:16:34,563 INFO Writing for product: 110091516 Station: 21	Program lipire: 1, Denumire: KARCHER TACT MARE, NR. Cuib: 3
2023-08-23 13:16:44,003 INFO Verifing values:	 Program: 1 Station: 21
2023-08-23 13:18:39,113 INFO Writing for product: 110091516 Station: 11	Program lipire: 1, Denumire: KARCHER TACT MARE, NR. Cuib: 3
2023-08-23 13:18:48,554 INFO Verifing values:	 Program: 1 Station: 11
2023-08-24 08:07:31,465 INFO Writing for product: 110091516 Station: 11	Program lipire: 1, Denumire: KARCHER TACT MARE, NR. Cuib: 3
2023-08-24 08:18:02,600 INFO Writing for product: 110091516 Station: 12	Program lipire: 1, Denumire: KARCHER TACT MARE, NR. Cuib: 3
2023-08-24 08:21:57,590 INFO Writing for product: 110091516 Station: 11	Program lipire: 1, Denumire: KARCHER TACT MARE, NR. Cuib: 3
2023-08-24 08:22:07,045 INFO Verifing values:	 Program: 1 Station: 11
2023-08-24 08:26:40,884 INFO Writing for product: 110091516 Station: 14	Program lipire: 1, Denumire: KARCHER TACT MARE, NR. Cuib: 3
2023-08-24 08:26:50,331 INFO Verifing values:	 Program: 1 Station: 14
2023-08-24 08:27:49,192 INFO Writing for product: 110091516 Station: 21	Program lipire: 1, Denumire: KARCHER TACT MARE, NR. Cuib: 3
2023-08-24 08:27:58,643 INFO Verifing values:	 Program: 1 Station: 21
2023-08-24 08:32:58,897 INFO Writing for product: 110091516 Station: 31	Program lipire: 1, Denumire: KARCHER TACT MARE, NR. Cuib: 3
2023-08-24 08:33:08,348 INFO Verifing values:	 Program: 1 Station: 31
2023-08-24 08:56:43,694 INFO Writing for product: 110091516 Station: 41	Program lipire: 1, Denumire: KARCHER TACT MARE, NR. Cuib: 3
2023-08-24 08:56:53,144 INFO Verifing values:	 Program: 1 Station: 41
2023-08-24 08:57:29,569 INFO Writing for product: 110091516 Station: 41	Program lipire: 1, Denumire: KARCHER TACT MARE, NR. Cuib: 3
2023-08-24 08:57:39,019 INFO Verifing values:	 Program: 1 Station: 41
2023-08-24 08:57:41,846 INFO Writing for product: 110091516 Station: 41	Program lipire: 1, Denumire: KARCHER TACT MARE, NR. Cuib: 3
2023-08-24 08:57:51,133 INFO Verifing values:	 Program: 1 Station: 41
2023-08-24 08:58:32,434 INFO Writing for product: 110091516 Station: 16	Program lipire: 1, Denumire: KARCHER TACT MARE, NR. Cuib: 3
2023-08-24 08:58:41,883 INFO Verifing values:	 Program: 1 Station: 16
2023-08-24 09:02:37,663 INFO Writing for product: 110091516 Station: 12	Program lipire: 1, Denumire: KARCHER TACT MARE, NR. Cuib: 3
2023-08-24 09:02:47,113 INFO Verifing values:	 Program: 1 Station: 12
2023-08-24 09:04:01,357 INFO Writing for product: 110091516 Station: 21	Program lipire: 1, Denumire: KARCHER TACT MARE, NR. Cuib: 3
2023-08-24 09:04:10,806 INFO Verifing values:	 Program: 1 Station: 21
2023-08-24 09:06:52,869 INFO Writing for product: 110091516 Station: 21	Program lipire: 1, Denumire: KARCHER TACT MARE, NR. Cuib: 3
2023-08-24 09:07:02,317 INFO Verifing values:	 Program: 1 Station: 21
2023-08-24 09:14:23,136 INFO Writing for product: 110091516 Station: 13	Program lipire: 1, Denumire: KARCHER TACT MARE, NR. Cuib: 3
2023-08-24 09:14:32,585 INFO Verifing values:	 Program: 1 Station: 13
2023-08-24 09:20:23,884 INFO Writing for product: 110091516 Station: 21	Program lipire: 1, Denumire: KARCHER TACT MARE, NR. Cuib: 3
2023-08-24 09:20:33,334 INFO Verifing values:	 Program: 1 Station: 21
2023-08-24 09:20:48,950 INFO Writing for product: 110091516 Station: 21	Program lipire: 1, Denumire: KARCHER TACT MARE, NR. Cuib: 3
2023-08-24 09:20:58,401 INFO Verifing values:	 Program: 1 Station: 21
2023-08-24 09:23:20,491 INFO Writing for product: 110091516 Station: 31	Program lipire: 1, Denumire: KARCHER TACT MARE, NR. Cuib: 3
2023-08-24 09:23:48,617 INFO Writing for product: 110091516 Station: 12	Program lipire: 1, Denumire: KARCHER TACT MARE, NR. Cuib: 3
2023-08-24 09:23:58,064 INFO Verifing values:	 Program: 1 Station: 12
2023-08-24 09:27:10,072 INFO Writing for product: 110091516 Station: 21	Program lipire: 1, Denumire: KARCHER TACT MARE, NR. Cuib: 3
2023-08-24 09:27:19,523 INFO Verifing values:	 Program: 1 Station: 21
2023-08-24 09:31:42,956 INFO Writing for product: 110091516 Station: 15	Program lipire: 1, Denumire: KARCHER TACT MARE, NR. Cuib: 3
2023-08-24 09:31:52,405 INFO Verifing values:	 Program: 1 Station: 15
2023-08-24 09:33:11,212 INFO Writing for product: 110091516 Station: 13	Program lipire: 1, Denumire: KARCHER TACT MARE, NR. Cuib: 3
2023-08-24 09:33:20,671 INFO Verifing values:	 Program: 1 Station: 13
2023-08-24 09:35:30,097 INFO Writing for product: 110091516 Station: 12	Program lipire: 1, Denumire: KARCHER TACT MARE, NR. Cuib: 3
2023-08-24 09:35:39,572 INFO Verifing values:	 Program: 1 Station: 12
2023-08-24 09:36:31,363 INFO Writing for product: 110091516 Station: 54	Program lipire: 1, Denumire: KARCHER TACT MARE, NR. Cuib: 3
2023-08-24 09:36:40,826 INFO Verifing values:	 Program: 1 Station: 54
2023-08-24 09:37:17,970 INFO Writing for product: 110091516 Station: 34	Program lipire: 1, Denumire: KARCHER TACT MARE, NR. Cuib: 3
2023-08-24 09:37:27,419 INFO Verifing values:	 Program: 1 Station: 34
2023-08-24 09:37:49,670 INFO Writing for product: 110091516 Station: 34	Program lipire: 1, Denumire: KARCHER TACT MARE, NR. Cuib: 3
2023-08-24 09:38:00,961 INFO Verifing values:	 Program: 1 Station: 34
2023-08-24 09:38:46,142 INFO Writing for product: 110091516 Station: 29	Program lipire: 1, Denumire: KARCHER TACT MARE, NR. Cuib: 3
2023-08-24 09:38:58,598 INFO Verifing values:	 Program: 1 Station: 29
2023-08-24 09:40:15,084 INFO Writing for product: 110091516 Station: 23	Program lipire: 1, Denumire: KARCHER TACT MARE, NR. Cuib: 3
2023-08-24 09:40:25,539 INFO Verifing values:	 Program: 1 Station: 23
2023-08-24 09:40:30,084 INFO Writing for product: 110091516 Station: 23	Program lipire: 1, Denumire: KARCHER TACT MARE, NR. Cuib: 3
2023-08-24 09:40:39,370 INFO Verifing values:	 Program: 1 Station: 23
2023-08-24 09:40:48,588 INFO Writing for product: 110091516 Station: 23	Program lipire: 1, Denumire: KARCHER TACT MARE, NR. Cuib: 3
2023-08-24 09:40:57,876 INFO Verifing values:	 Program: 1 Station: 23
2023-08-24 09:41:08,883 INFO Writing for product: 110091516 Station: 23	Program lipire: 1, Denumire: KARCHER TACT MARE, NR. Cuib: 3
2023-08-24 09:41:21,337 INFO Verifing values:	 Program: 1 Station: 23
2023-08-24 09:41:27,524 INFO Writing for product: 110091516 Station: 23	Program lipire: 1, Denumire: KARCHER TACT MARE, NR. Cuib: 3
2023-08-24 09:41:36,810 INFO Verifing values:	 Program: 1 Station: 23
2023-08-24 09:41:40,988 INFO Writing for product: 110091516 Station: 23	Program lipire: 1, Denumire: KARCHER TACT MARE, NR. Cuib: 3
2023-08-24 09:41:50,275 INFO Verifing values:	 Program: 1 Station: 23
2023-08-24 09:41:52,665 INFO Writing for product: 110091516 Station: 23	Program lipire: 1, Denumire: KARCHER TACT MARE, NR. Cuib: 3
2023-08-24 09:42:01,954 INFO Verifing values:	 Program: 1 Station: 23
2023-08-24 09:43:31,401 INFO Writing for product: 110091516 Station: 24	Program lipire: 1, Denumire: KARCHER TACT MARE, NR. Cuib: 3
2023-08-24 09:43:40,851 INFO Verifing values:	 Program: 1 Station: 24
2023-08-24 09:43:48,175 INFO Writing for product: 110091516 Station: 25	Program lipire: 1, Denumire: KARCHER TACT MARE, NR. Cuib: 3
2023-08-24 09:43:57,463 INFO Verifing values:	 Program: 1 Station: 25
2023-08-24 09:44:11,441 INFO Writing for product: 110091516 Station: 25	Program lipire: 1, Denumire: KARCHER TACT MARE, NR. Cuib: 3
2023-08-24 09:44:20,729 INFO Verifing values:	 Program: 1 Station: 25
2023-08-24 09:46:42,261 INFO Writing for product: 110091516 Station: 	Program lipire: 1, Denumire: KARCHER TACT MARE, NR. Cuib: 3
2023-08-24 09:46:47,422 INFO Writing for product: 110091516 Station: 34	Program lipire: 1, Denumire: KARCHER TACT MARE, NR. Cuib: 3
2023-08-24 09:46:56,871 INFO Verifing values:	 Program: 1 Station: 34
2023-08-24 09:47:01,178 INFO Writing for product: 110091516 Station: 34	Program lipire: 1, Denumire: KARCHER TACT MARE, NR. Cuib: 3
2023-08-24 09:47:10,464 INFO Verifing values:	 Program: 1 Station: 34
2023-08-24 09:47:48,085 INFO Writing for product: 110091516 Station: 25	Program lipire: 1, Denumire: KARCHER TACT MARE, NR. Cuib: 3
2023-08-24 09:47:57,737 INFO Verifing values:	 Program: 1 Station: 25
2023-08-24 09:48:04,356 INFO Writing for product: 110091516 Station: 251	Program lipire: 1, Denumire: KARCHER TACT MARE, NR. Cuib: 3
2023-08-24 09:48:13,845 INFO Verifing values:	 Program: 1 Station: 251
2023-08-24 09:48:51,276 INFO Writing for product: 110091516 Station: 254	Program lipire: 1, Denumire: KARCHER TACT MARE, NR. Cuib: 3
2023-08-24 09:49:00,929 INFO Verifing values:	 Program: 1 Station: 254
2023-08-24 09:50:16,332 INFO Writing for product: 110091516 Station: 34	Program lipire: 1, Denumire: KARCHER TACT MARE, NR. Cuib: 3
2023-08-24 09:50:26,583 INFO Verifing values:	 Program: 1 Station: 34
2023-08-24 09:51:12,221 INFO Writing for product: 110091516 Station: 18	Program lipire: 1, Denumire: KARCHER TACT MARE, NR. Cuib: 3
2023-08-24 09:52:12,637 INFO Writing for product: 110091516 Station: 256	Program lipire: 1, Denumire: KARCHER TACT MARE, NR. Cuib: 3
2023-08-24 09:54:19,741 INFO Writing for product: 110091516 Station: 12	Program lipire: 1, Denumire: KARCHER TACT MARE, NR. Cuib: 3
2023-08-24 09:54:40,007 INFO Verifing values:	 Program: 1 Station: 12
2023-08-24 09:54:48,036 INFO Writing for product: 110091516 Station: 12	Program lipire: 1, Denumire: KARCHER TACT MARE, NR. Cuib: 3
2023-08-24 09:54:58,124 INFO Verifing values:	 Program: 1 Station: 12
2023-08-24 09:55:17,687 INFO Writing for product: 110091516 Station: 16	Program lipire: 1, Denumire: KARCHER TACT MARE, NR. Cuib: 3
2023-08-24 09:55:32,943 INFO Verifing values:	 Program: 1 Station: 16
2023-08-24 09:55:37,334 INFO Writing for product: 110091516 Station: 16	Program lipire: 1, Denumire: KARCHER TACT MARE, NR. Cuib: 3
2023-08-24 09:55:47,423 INFO Verifing values:	 Program: 1 Station: 16
2023-08-24 09:56:28,282 INFO Writing for product: 110091516 Station: 456	Program lipire: 1, Denumire: KARCHER TACT MARE, NR. Cuib: 3
2023-08-24 09:56:38,534 INFO Verifing values:	 Program: 1 Station: 456
2023-08-24 09:56:47,547 INFO Writing for product: 110091516 Station: 456	Program lipire: 1, Denumire: KARCHER TACT MARE, NR. Cuib: 3
2023-08-24 09:57:00,643 INFO Verifing values:	 Program: 1 Station: 456
2023-08-24 09:57:23,283 INFO Writing for product: 110091516 Station: 	Program lipire: 1, Denumire: KARCHER TACT MARE, NR. Cuib: 3
2023-08-24 20:34:02,180 INFO Writing for product: 110091516 Station: 34	Program lipire: 1, Denumire: KARCHER TACT MARE, NR. Cuib: 3
2023-08-24 20:34:03,517 INFO Writing for product: 110091516 Station: 34	Program lipire: 1, Denumire: KARCHER TACT MARE, NR. Cuib: 3
2023-08-24 20:36:36,836 INFO Writing for product: 110091516 Station: 34	Program lipire: 1, Denumire: KARCHER TACT MARE, NR. Cuib: 3
2023-08-24 20:37:51,824 INFO Writing for product: 110091516 Station: 34	Program lipire: 1, Denumire: KARCHER TACT MARE, NR. Cuib: 3
2023-08-24 20:38:19,476 INFO Writing for product: 110091517 Station: 35	Program lipire: 1, Denumire: KARCHER TACT MARE, NR. Cuib: 3
2023-08-24 20:50:01,005 INFO Writing for product: 110091517 Station: 25	Program lipire: 1, Denumire: KARCHER TACT MARE, NR. Cuib: 3
2023-08-30 10:34:55,552 INFO Writing for product: 0000000001 Station: 11	Program lipire: 1, Denumire: KARCHER TACT MARE, NR. Cuib: 3
2023-08-30 10:35:05,800 INFO Verifing values:	 Program: 1 Station: 11
2023-08-30 10:36:14,622 INFO Writing for product: 1000000000 Station: 11	Program lipire: 1, Denumire: KARCHER TACT MARE, NR. Cuib: 3
2023-08-30 10:36:24,870 INFO Verifing values:	 Program: 1 Station: 11
2023-08-30 10:36:27,093 INFO Writing for product: 1000000000 Station: 11	Program lipire: 1, Denumire: KARCHER TACT MARE, NR. Cuib: 3
2023-08-30 10:36:37,180 INFO Verifing values:	 Program: 1 Station: 11
2023-08-30 10:37:13,570 INFO Writing for product: 1000000000 Station: 11	Program lipire: 1, Denumire: KARCHER TACT MARE, NR. Cuib: 3
2023-08-30 10:37:30,832 INFO Verifing values:	 Program: 1 Station: 11
2023-08-30 10:37:35,616 INFO Writing for product: 1000000000 Station: 11	Program lipire: 1, Denumire: KARCHER TACT MARE, NR. Cuib: 3
2023-08-30 10:37:47,704 INFO Verifing values:	 Program: 1 Station: 11
2023-08-30 10:39:08,590 INFO Writing for product: 1000000000 Station: 1	Program lipire: 1, Denumire: KARCHER TACT MARE, NR. Cuib: 3
2023-08-30 10:39:20,838 INFO Verifing values:	 Program: 1 Station: 1
2023-08-30 10:40:23,472 INFO Writing for product: 1000000000 Station: 11	Program lipire: 1, Denumire: KARCHER TACT MARE, NR. Cuib: 3
2023-08-30 10:42:54,337 INFO Writing for product: 1000000000 Station: 11	Program lipire: 1, Denumire: KARCHER TACT MARE, NR. Cuib: 3
2023-08-30 10:43:17,237 INFO Writing for product: 1000000000 Station: 12	Program lipire: 1, Denumire: KARCHER TACT MARE, NR. Cuib: 3
2023-08-30 10:43:28,486 INFO Verifing values:	 Program: 1 Station: 12
2023-09-01 08:32:36,022 INFO Writing for product: 1000000000 Station: 12	Program lipire: 1, Denumire: KARCHER TACT MARE, NR. Cuib: 3
2023-09-01 08:34:38,422 INFO Writing for product: 1000000000 Station: 11	Program lipire: 1, Denumire: KARCHER TACT MARE, NR. Cuib: 3
2023-09-01 08:35:34,415 INFO Writing for product: 1000000000 Station: 11	Program lipire: 1, Denumire: KARCHER TACT MARE, NR. Cuib: 3
2023-09-01 08:36:09,566 INFO Writing for product: 1000000000 Station: 1	Program lipire: 1, Denumire: KARCHER TACT MARE, NR. Cuib: 3
2023-09-01 08:37:10,179 INFO Writing for product:  Station: 1	Program lipire: 1, Denumire: KARCHER TACT MARE, NR. Cuib: 3
2023-09-01 08:43:18,340 INFO Writing for product:  Station: 12	Program lipire: 1, Denumire: KARCHER TACT MARE, NR. Cuib: 3
2023-09-01 08:45:56,364 INFO Writing for product:  Station: 12	Program lipire: 1, Denumire: KARCHER TACT MARE, NR. Cuib: 3
2023-09-01 08:46:41,455 INFO Writing for product:  Station: 12	Program lipire: 1, Denumire: KARCHER TACT MARE, NR. Cuib: 3
2023-09-01 08:46:47,845 INFO Writing for product:  Station: 12	Program lipire: 1, Denumire: KARCHER TACT MARE, NR. Cuib: 3
2023-09-03 20:00:14,013 INFO Writing for product:  Station: 13	Program lipire: 1, Denumire: KARCHER TACT MARE, NR. Cuib: 3
2023-09-03 20:01:20,445 INFO Writing for product:  Station: 12	Program lipire: 1, Denumire: KARCHER TACT MARE, NR. Cuib: 3
2023-09-04 16:38:57,647 INFO Writing for product:  Station: 13	Program lipire: 1, Denumire: KARCHER TACT MARE, NR. Cuib: 3
2023-09-04 16:42:43,313 INFO Writing for product:  Station: 12	Program lipire: 1, Denumire: KARCHER TACT MARE, NR. Cuib: 3
2023-09-06 12:51:40,930 INFO Citire USB
2023-09-06 14:13:22,749 INFO Citire USB
2023-09-06 14:13:23,257 INFO Citire USB
2023-09-06 14:13:23,630 INFO Citire USB
2023-09-06 14:13:24,566 INFO Citire USB
2023-09-06 14:13:24,717 INFO Citire USB
2023-09-06 14:13:24,860 INFO Citire USB
2023-09-06 14:13:25,017 INFO Citire USB
2023-09-06 14:13:25,169 INFO Citire USB
2023-09-06 14:13:25,281 INFO Citire USB
2023-09-06 14:13:25,440 INFO Citire USB
2023-09-06 14:13:25,574 INFO Citire USB
2023-09-06 14:13:26,655 INFO Citire USB
2023-09-06 14:13:26,789 INFO Citire USB
2023-09-06 14:13:26,955 INFO Citire USB
2023-09-06 14:13:27,416 INFO Citire USB
2023-09-06 14:13:27,582 INFO Citire USB
2023-09-06 14:13:27,742 INFO Citire USB
2023-09-06 14:13:27,947 INFO Citire USB
